{"type":"server-started","port":53702,"host":"127.0.0.1","url_host":"localhost","url":"http://localhost:53702","screen_dir":"/Users/bytedance/news/.superpowers/brainstorm/44084-1778491486/content","state_dir":"/Users/bytedance/news/.superpowers/brainstorm/44084-1778491486/state"}
{"type":"screen-added","file":"/Users/bytedance/news/.superpowers/brainstorm/44084-1778491486/content/layout-options-v1.html"}
{"type":"screen-updated","file":"/Users/bytedance/news/.superpowers/brainstorm/44084-1778491486/content/layout-options-v1.html"}
{"source":"user-event","type":"click","text":"A\n    \n      方案 A\n      左侧阶段筛选，右侧始终显示前后两阶段并排对照，更适合快速判断筛选效果。","choice":"a","id":null,"timestamp":1778491613809}
{"source":"user-event","type":"click","text":"A\n    \n      方案 A\n      左侧阶段筛选，右侧始终显示前后两阶段并排对照，更适合快速判断筛选效果。","choice":"a","id":null,"timestamp":1778491614708}
{"source":"user-event","type":"click","text":"A\n    \n      方案 A\n      左侧阶段筛选，右侧始终显示前后两阶段并排对照，更适合快速判断筛选效果。","choice":"a","id":null,"timestamp":1778491615758}
{"source":"user-event","type":"click","text":"A\n    \n      方案 A\n      左侧阶段筛选，右侧始终显示前后两阶段并排对照，更适合快速判断筛选效果。","choice":"a","id":null,"timestamp":1778491616391}
{"source":"user-event","type":"click","text":"B\n    \n      方案 B\n      更像结果漏斗和追踪表，适合总览，但阶段切换时不如双栏对照直接。","choice":"b","id":null,"timestamp":1778491616824}
{"source":"user-event","type":"click","text":"A\n    \n      方案 A\n      左侧阶段筛选，右侧始终显示前后两阶段并排对照，更适合快速判断筛选效果。","choice":"a","id":null,"timestamp":1778491617624}
{"source":"user-event","type":"click","text":"A\n    \n      方案 A\n      左侧阶段筛选，右侧始终显示前后两阶段并排对照，更适合快速判断筛选效果。","choice":"a","id":null,"timestamp":1778491669411}
{"source":"user-event","type":"click","text":"A\n    \n      方案 A\n      左侧阶段筛选，右侧始终显示前后两阶段并排对照，更适合快速判断筛选效果。","choice":"a","id":null,"timestamp":1778491669594}
{"source":"user-event","type":"click","text":"A\n    \n      方案 A\n      左侧阶段筛选，右侧始终显示前后两阶段并排对照，更适合快速判断筛选效果。","choice":"a","id":null,"timestamp":1778491669977}
{"source":"user-event","type":"click","text":"A\n    \n      方案 A\n      左侧阶段筛选，右侧始终显示前后两阶段并排对照，更适合快速判断筛选效果。","choice":"a","id":null,"timestamp":1778491670161}
{"source":"user-event","type":"click","text":"A\n    \n      方案 A\n      左侧阶段筛选，右侧始终显示前后两阶段并排对照，更适合快速判断筛选效果。","choice":"a","id":null,"timestamp":1778491670344}
{"source":"user-event","type":"click","text":"A\n    \n      方案 A\n      左侧阶段筛选，右侧始终显示前后两阶段并排对照，更适合快速判断筛选效果。","choice":"a","id":null,"timestamp":1778491672578}
{"source":"user-event","type":"click","text":"A\n    \n      方案 A\n      左侧阶段筛选，右侧始终显示前后两阶段并排对照，更适合快速判断筛选效果。","choice":"a","id":null,"timestamp":1778491673678}
{"source":"user-event","type":"click","text":"A\n    \n      方案 A\n      左侧阶段筛选，右侧始终显示前后两阶段并排对照，更适合快速判断筛选效果。","choice":"a","id":null,"timestamp":1778491677628}
{"source":"user-event","type":"click","text":"B\n    \n      方案 B\n      更像结果漏斗和追踪表，适合总览，但阶段切换时不如双栏对照直接。","choice":"b","id":null,"timestamp":1778491688812}
{"source":"user-event","type":"click","text":"A\n    \n      方案 A\n      左侧阶段筛选，右侧始终显示前后两阶段并排对照，更适合快速判断筛选效果。","choice":"a","id":null,"timestamp":1778491689762}
{"source":"user-event","type":"click","text":"B\n    \n      方案 B\n      更像结果漏斗和追踪表，适合总览，但阶段切换时不如双栏对照直接。","choice":"b","id":null,"timestamp":1778491690246}
{"source":"user-event","type":"click","text":"A\n    \n      方案 A\n      左侧阶段筛选，右侧始终显示前后两阶段并排对照，更适合快速判断筛选效果。","choice":"a","id":null,"timestamp":1778491690679}
{"source":"user-event","type":"click","text":"A\n    \n      方案 A\n      左侧阶段筛选，右侧始终显示前后两阶段并排对照，更适合快速判断筛选效果。","choice":"a","id":null,"timestamp":1778491694363}
{"source":"user-event","type":"click","text":"A\n    \n      方案 A\n      左侧阶段筛选，右侧始终显示前后两阶段并排对照，更适合快速判断筛选效果。","choice":"a","id":null,"timestamp":1778491694496}
{"source":"user-event","type":"click","text":"A\n    \n      方案 A\n      左侧阶段筛选，右侧始终显示前后两阶段并排对照，更适合快速判断筛选效果。","choice":"a","id":null,"timestamp":1778491698162}
{"source":"user-event","type":"click","text":"A\n    \n      方案 A\n      左侧阶段筛选，右侧始终显示前后两阶段并排对照，更适合快速判断筛选效果。","choice":"a","id":null,"timestamp":1778491698329}
{"source":"user-event","type":"click","text":"A\n    \n      方案 A\n      左侧阶段筛选，右侧始终显示前后两阶段并排对照，更适合快速判断筛选效果。","choice":"a","id":null,"timestamp":1778491775168}
{"source":"user-event","type":"click","text":"A\n    \n      方案 A\n      左侧阶段筛选，右侧始终显示前后两阶段并排对照，更适合快速判断筛选效果。","choice":"a","id":null,"timestamp":1778491775351}
{"type":"screen-added","file":"/Users/bytedance/news/.superpowers/brainstorm/44084-1778491486/content/layout-options-v2.html"}
{"type":"screen-updated","file":"/Users/bytedance/news/.superpowers/brainstorm/44084-1778491486/content/layout-options-v2.html"}
{"type":"screen-updated","file":"/Users/bytedance/news/.superpowers/brainstorm/44084-1778491486/content/layout-options-v2.html"}
{"type":"screen-added","file":"/Users/bytedance/news/.superpowers/brainstorm/44084-1778491486/content/waiting-1.html"}
{"type":"screen-updated","file":"/Users/bytedance/news/.superpowers/brainstorm/44084-1778491486/content/layout-options-v2.html"}
{"type":"screen-updated","file":"/Users/bytedance/news/.superpowers/brainstorm/44084-1778491486/content/waiting-1.html"}
{"type":"screen-updated","file":"/Users/bytedance/news/.superpowers/brainstorm/44084-1778491486/content/waiting-1.html"}
{"type":"screen-updated","file":"/Users/bytedance/news/.superpowers/brainstorm/44084-1778491486/content/layout-options-v2.html"}
{"type":"screen-updated","file":"/Users/bytedance/news/.superpowers/brainstorm/44084-1778491486/content/waiting-1.html"}
{"type":"screen-updated","file":"/Users/bytedance/news/.superpowers/brainstorm/44084-1778491486/content/layout-options-v2.html"}
{"type":"screen-updated","file":"/Users/bytedance/news/.superpowers/brainstorm/44084-1778491486/content/waiting-1.html"}
{"type":"screen-updated","file":"/Users/bytedance/news/.superpowers/brainstorm/44084-1778491486/content/layout-options-v2.html"}
{"type":"screen-updated","file":"/Users/bytedance/news/.superpowers/brainstorm/44084-1778491486/content/waiting-1.html"}
{"type":"screen-updated","file":"/Users/bytedance/news/.superpowers/brainstorm/44084-1778491486/content/layout-options-v2.html"}
{"type":"screen-updated","file":"/Users/bytedance/news/.superpowers/brainstorm/44084-1778491486/content/waiting-1.html"}
{"type":"screen-updated","file":"/Users/bytedance/news/.superpowers/brainstorm/44084-1778491486/content/layout-options-v2.html"}
{"type":"screen-updated","file":"/Users/bytedance/news/.superpowers/brainstorm/44084-1778491486/content/waiting-1.html"}
{"type":"screen-updated","file":"/Users/bytedance/news/.superpowers/brainstorm/44084-1778491486/content/layout-options-v2.html"}
{"type":"screen-updated","file":"/Users/bytedance/news/.superpowers/brainstorm/44084-1778491486/content/waiting-1.html"}
{"type":"screen-updated","file":"/Users/bytedance/news/.superpowers/brainstorm/44084-1778491486/content/layout-options-v2.html"}
{"type":"screen-updated","file":"/Users/bytedance/news/.superpowers/brainstorm/44084-1778491486/content/waiting-1.html"}
{"type":"screen-updated","file":"/Users/bytedance/news/.superpowers/brainstorm/44084-1778491486/content/layout-options-v2.html"}
{"type":"screen-updated","file":"/Users/bytedance/news/.superpowers/brainstorm/44084-1778491486/content/waiting-1.html"}
{"type":"screen-updated","file":"/Users/bytedance/news/.superpowers/brainstorm/44084-1778491486/content/layout-options-v2.html"}
{"type":"screen-updated","file":"/Users/bytedance/news/.superpowers/brainstorm/44084-1778491486/content/waiting-1.html"}
{"type":"screen-updated","file":"/Users/bytedance/news/.superpowers/brainstorm/44084-1778491486/content/layout-options-v2.html"}
{"type":"screen-updated","file":"/Users/bytedance/news/.superpowers/brainstorm/44084-1778491486/content/waiting-1.html"}
{"type":"screen-updated","file":"/Users/bytedance/news/.superpowers/brainstorm/44084-1778491486/content/layout-options-v2.html"}
{"type":"screen-updated","file":"/Users/bytedance/news/.superpowers/brainstorm/44084-1778491486/content/waiting-1.html"}
{"type":"screen-updated","file":"/Users/bytedance/news/.superpowers/brainstorm/44084-1778491486/content/layout-options-v2.html"}
{"type":"screen-updated","file":"/Users/bytedance/news/.superpowers/brainstorm/44084-1778491486/content/waiting-1.html"}
{"type":"screen-updated","file":"/Users/bytedance/news/.superpowers/brainstorm/44084-1778491486/content/layout-options-v2.html"}
{"type":"screen-updated","file":"/Users/bytedance/news/.superpowers/brainstorm/44084-1778491486/content/waiting-1.html"}
{"type":"screen-updated","file":"/Users/bytedance/news/.superpowers/brainstorm/44084-1778491486/content/layout-options-v2.html"}
{"type":"screen-updated","file":"/Users/bytedance/news/.superpowers/brainstorm/44084-1778491486/content/waiting-1.html"}
{"type":"screen-updated","file":"/Users/bytedance/news/.superpowers/brainstorm/44084-1778491486/content/layout-options-v2.html"}
{"type":"screen-updated","file":"/Users/bytedance/news/.superpowers/brainstorm/44084-1778491486/content/waiting-1.html"}
{"type":"screen-updated","file":"/Users/bytedance/news/.superpowers/brainstorm/44084-1778491486/content/layout-options-v2.html"}
{"type":"screen-updated","file":"/Users/bytedance/news/.superpowers/brainstorm/44084-1778491486/content/waiting-1.html"}
{"type":"screen-updated","file":"/Users/bytedance/news/.superpowers/brainstorm/44084-1778491486/content/layout-options-v2.html"}
{"type":"screen-updated","file":"/Users/bytedance/news/.superpowers/brainstorm/44084-1778491486/content/waiting-1.html"}
{"type":"screen-updated","file":"/Users/bytedance/news/.superpowers/brainstorm/44084-1778491486/content/waiting-1.html"}
{"type":"screen-updated","file":"/Users/bytedance/news/.superpowers/brainstorm/44084-1778491486/content/layout-options-v2.html"}
{"type":"screen-updated","file":"/Users/bytedance/news/.superpowers/brainstorm/44084-1778491486/content/waiting-1.html"}
{"type":"screen-updated","file":"/Users/bytedance/news/.superpowers/brainstorm/44084-1778491486/content/layout-options-v2.html"}
{"type":"screen-updated","file":"/Users/bytedance/news/.superpowers/brainstorm/44084-1778491486/content/waiting-1.html"}
{"type":"screen-updated","file":"/Users/bytedance/news/.superpowers/brainstorm/44084-1778491486/content/layout-options-v2.html"}
{"type":"screen-updated","file":"/Users/bytedance/news/.superpowers/brainstorm/44084-1778491486/content/waiting-1.html"}
{"type":"screen-updated","file":"/Users/bytedance/news/.superpowers/brainstorm/44084-1778491486/content/layout-options-v2.html"}
{"type":"screen-updated","file":"/Users/bytedance/news/.superpowers/brainstorm/44084-1778491486/content/waiting-1.html"}
{"type":"screen-updated","file":"/Users/bytedance/news/.superpowers/brainstorm/44084-1778491486/content/layout-options-v2.html"}
{"type":"screen-updated","file":"/Users/bytedance/news/.superpowers/brainstorm/44084-1778491486/content/waiting-1.html"}
